<?xml version="1.0" encoding="UTF-8"?>
<!-- Generated by org.testng.reporters.JUnitReportReporter -->
<testsuite hostname="LAPTOP-TAFBVVUT" failures="0" tests="5" name="com.ui.test.UITestScenarios" time="32.885" errors="0" timestamp="2025-08-17T12:51:48 IST" skipped="0">
  <testcase classname="com.ui.test.UITestScenarios" name="flipkartFlightBookTest" time="6.408"/>
  <testcase classname="com.ui.test.UITestScenarios" name="visitCricBuzzSiteTest" time="7.225"/>
  <testcase classname="com.ui.test.UITestScenarios" name="visitYoutubeSiteTest" time="8.276"/>
  <testcase classname="com.ui.test.UITestScenarios" name="visitFlikartSiteTest" time="6.127"/>
  <testcase classname="com.ui.test.UITestScenarios" name="visitYoutubeSiteTest" time="4.849"/>
</testsuite> <!-- com.ui.test.UITestScenarios -->
