<?xml version="1.0" encoding="UTF-8"?>
<!-- Generated by org.testng.reporters.JUnitReportReporter -->
<testsuite hostname="LAPTOP-TAFBVVUT" failures="0" tests="1" name="com.ui.test.AppTest" time="2.993" errors="0" timestamp="2025-07-24T03:44:54 IST" skipped="0">
  <testcase classname="com.ui.test.AppTest" name="visitFlikartSiteTest" time="2.993"/>
</testsuite> <!-- com.ui.test.AppTest -->
