<?xml version="1.0" encoding="UTF-8"?>
<!-- Generated by org.testng.reporters.JUnitReportReporter -->
<testsuite hostname="LAPTOP-TAFBVVUT" failures="0" tests="5" name="com.ui.test.UITestScenarios" time="37.142" errors="0" timestamp="2025-08-17T12:52:42 IST" skipped="0">
  <testcase classname="com.ui.test.UITestScenarios" name="visitCricBuzzSiteTest" time="11.840"/>
  <testcase classname="com.ui.test.UITestScenarios" name="visitYoutubeSiteTest" time="9.890"/>
  <testcase classname="com.ui.test.UITestScenarios" name="visitFlikartSiteTest" time="3.504"/>
  <testcase classname="com.ui.test.UITestScenarios" name="visitYoutubeSiteTest" time="6.361"/>
  <testcase classname="com.ui.test.UITestScenarios" name="flipkartFlightBookTest" time="5.547"/>
</testsuite> <!-- com.ui.test.UITestScenarios -->
